Account has been created at 24.05.2025 13.03.02

User logged in at 24.05.2025 13.03.14

New game started at 24.05.2025 13.03.16

10 point collected, new score is 10 at 24.05.2025 13.03.21
10 point collected, new score is 20 at 24.05.2025 13.03.23
5 damage taken, new health is 95 at 24.05.2025 13.03.25
10 point collected, new score is 30 at 24.05.2025 13.03.27
10 point collected, new score is 40 at 24.05.2025 13.03.28
10 point collected, new score is 50 at 24.05.2025 13.03.30
Passed to level 2 at 24.05.2025 13.03.31

20 point collected, new score is 20 at 24.05.2025 13.03.48
10 point collected, new score is 30 at 24.05.2025 13.03.52
20 point collected, new score is 50 at 24.05.2025 13.03.53
10 damage taken, new health is 90 at 24.05.2025 13.03.54
10 point collected, new score is 60 at 24.05.2025 13.03.54
10 point collected, new score is 70 at 24.05.2025 13.04.01
20 point collected, new score is 90 at 24.05.2025 13.04.01
20 point collected, new score is 110 at 24.05.2025 13.04.04
Passed to level 3 at 24.05.2025 13.04.05

10 damage taken, new health is 90 at 24.05.2025 13.04.18
20 point collected, new score is 20 at 24.05.2025 13.04.19
20 point collected, new score is 40 at 24.05.2025 13.04.20
30 point collected, new score is 70 at 24.05.2025 13.04.22
30 point collected, new score is 100 at 24.05.2025 13.04.26
20 point collected, new score is 120 at 24.05.2025 13.04.38
30 point collected, new score is 150 at 24.05.2025 13.04.38
The game is succesfully done with total score 310 at 24.05.2025 13.04.38

Unsuccessful login attempt at 24.05.2025 13.10.35

User logged in at 24.05.2025 13.10.39

New game started at 24.05.2025 13.10.41

10 point collected, new score is 10 at 24.05.2025 13.10.46
10 point collected, new score is 20 at 24.05.2025 13.10.46
10 point collected, new score is 30 at 24.05.2025 13.10.50
10 point collected, new score is 40 at 24.05.2025 13.10.50
10 point collected, new score is 50 at 24.05.2025 13.10.52
Passed to level 2 at 24.05.2025 13.10.53

20 point collected, new score is 20 at 24.05.2025 13.10.57
10 point collected, new score is 30 at 24.05.2025 13.10.58
10 point collected, new score is 40 at 24.05.2025 13.10.59
10 point collected, new score is 50 at 24.05.2025 13.11.00
5 damage taken, new health is 95 at 24.05.2025 13.11.00
5 damage taken, new health is 90 at 24.05.2025 13.11.02
5 damage taken, new health is 85 at 24.05.2025 13.11.03
20 point collected, new score is 70 at 24.05.2025 13.11.04
5 damage taken, new health is 80 at 24.05.2025 13.11.05
5 damage taken, new health is 75 at 24.05.2025 13.11.06
5 damage taken, new health is 70 at 24.05.2025 13.11.07
5 damage taken, new health is 65 at 24.05.2025 13.11.07
5 damage taken, new health is 60 at 24.05.2025 13.11.10
10 damage taken, new health is 50 at 24.05.2025 13.11.12
10 point collected, new score is 80 at 24.05.2025 13.11.13
20 point collected, new score is 100 at 24.05.2025 13.11.13
Passed to level 3 at 24.05.2025 13.11.14

20 damage taken, new health is 80 at 24.05.2025 13.11.18
20 damage taken, new health is 60 at 24.05.2025 13.11.18
10 damage taken, new health is 50 at 24.05.2025 13.11.19
20 point collected, new score is 20 at 24.05.2025 13.11.19
20 damage taken, new health is 30 at 24.05.2025 13.11.20
30 point collected, new score is 50 at 24.05.2025 13.11.21
10 damage taken, new health is 20 at 24.05.2025 13.11.21
20 damage taken, new health is 0 at 24.05.2025 13.11.23
The game is over with the total score 200 at 24.05.2025 13.11.23

