Account has been created at 24.05.2025 16.35.05

User logged in at 24.05.2025 16.35.23

New game started at 24.05.2025 16.36.05

10 point collected, new score is 10 at 24.05.2025 16.36.11
10 point collected, new score is 20 at 24.05.2025 16.36.12
5 damage taken, new health is 95 at 24.05.2025 16.36.13
10 point collected, new score is 30 at 24.05.2025 16.36.14
10 point collected, new score is 40 at 24.05.2025 16.36.15
10 point collected, new score is 50 at 24.05.2025 16.36.17
Passed to level 2 at 24.05.2025 16.36.18

20 point collected, new score is 20 at 24.05.2025 16.36.22
10 point collected, new score is 30 at 24.05.2025 16.36.23
10 point collected, new score is 40 at 24.05.2025 16.36.25
20 point collected, new score is 60 at 24.05.2025 16.36.25
10 point collected, new score is 70 at 24.05.2025 16.36.26
10 point collected, new score is 80 at 24.05.2025 16.36.28
10 point collected, new score is 90 at 24.05.2025 16.36.29
20 point collected, new score is 110 at 24.05.2025 16.36.30
Passed to level 3 at 24.05.2025 16.36.31

20 point collected, new score is 20 at 24.05.2025 16.36.35
20 point collected, new score is 40 at 24.05.2025 16.36.36
20 point collected, new score is 60 at 24.05.2025 16.36.37
30 point collected, new score is 90 at 24.05.2025 16.36.39
20 point collected, new score is 110 at 24.05.2025 16.36.40
30 point collected, new score is 140 at 24.05.2025 16.36.41
20 point collected, new score is 160 at 24.05.2025 16.36.43
The game is succesfully done with total score 320 at 24.05.2025 16.36.43

New game started at 24.05.2025 16.37.01

10 point collected, new score is 10 at 24.05.2025 16.37.06
10 point collected, new score is 20 at 24.05.2025 16.37.07
10 point collected, new score is 30 at 24.05.2025 16.37.09
10 point collected, new score is 40 at 24.05.2025 16.37.10
10 point collected, new score is 50 at 24.05.2025 16.37.11
Passed to level 2 at 24.05.2025 16.37.12

5 damage taken, new health is 95 at 24.05.2025 16.37.17
10 damage taken, new health is 85 at 24.05.2025 16.37.17
10 damage taken, new health is 75 at 24.05.2025 16.37.18
5 damage taken, new health is 70 at 24.05.2025 16.37.18
5 damage taken, new health is 65 at 24.05.2025 16.37.19
5 damage taken, new health is 60 at 24.05.2025 16.37.21
10 damage taken, new health is 50 at 24.05.2025 16.37.21
5 damage taken, new health is 45 at 24.05.2025 16.37.22
5 damage taken, new health is 40 at 24.05.2025 16.37.23
5 damage taken, new health is 35 at 24.05.2025 16.37.25
5 damage taken, new health is 30 at 24.05.2025 16.37.26
10 damage taken, new health is 20 at 24.05.2025 16.37.29
10 damage taken, new health is 10 at 24.05.2025 16.37.29
5 damage taken, new health is 5 at 24.05.2025 16.37.29
5 damage taken, new health is 0 at 24.05.2025 16.37.30
The game is over with the total score 50 at 24.05.2025 16.37.30

